<?xml version="1.0" encoding="UTF-8"?>
<!-- Generated by org.testng.reporters.JUnitXMLReporter -->
<testsuite hostname="Shivani" name="testngTest" tests="1" failures="0" timestamp="13 Aug 2021 20:03:19 GMT" time="1.064" errors="0">
  <testcase name="@BeforeClass setup" time="0.0" classname="com.inetbanking.testCases.TC_Logintest_001">
    <failure type="java.lang.NoSuchMethodError" message="org.apache.commons.io.IOUtils.toString(Ljava/io/InputStream;Ljava/nio/charset/Charset;)Ljava/lang/String;">
      <![CDATA[java.lang.NoSuchMethodError: org.apache.commons.io.IOUtils.toString(Ljava/io/InputStream;Ljava/nio/charset/Charset;)Ljava/lang/String;
	at io.github.bonigarcia.wdm.Shell.runAndWaitNoLog(Shell.java:66)
	at io.github.bonigarcia.wdm.Shell.runAndWaitArray(Shell.java:56)
	at io.github.bonigarcia.wdm.Shell.runAndWait(Shell.java:50)
	at io.github.bonigarcia.wdm.WebDriverManager.getBrowserVersionInWindows(WebDriverManager.java:1248)
	at io.github.bonigarcia.wdm.WebDriverManager.getDefaultBrowserVersion(WebDriverManager.java:1210)
	at io.github.bonigarcia.wdm.ChromeDriverManager.getBrowserVersion(ChromeDriverManager.java:103)
	at io.github.bonigarcia.wdm.WebDriverManager.detectDriverVersionFromBrowser(WebDriverManager.java:596)
	at io.github.bonigarcia.wdm.WebDriverManager.manage(WebDriverManager.java:510)
	at io.github.bonigarcia.wdm.WebDriverManager.setup(WebDriverManager.java:260)
	at com.inetbanking.testCases.BaseClass.setup(BaseClass.java:21)
... Removed 24 stack frames]]>
    </failure>
  </testcase> <!-- @BeforeClass setup -->
  <testcase name="@AfterClass tearDown" time="0.0" classname="com.inetbanking.testCases.TC_Logintest_001">
    <skipped/>
  </testcase> <!-- @AfterClass tearDown -->
  <testcase name="loginTest" time="0.015" classname="com.inetbanking.testCases.TC_Logintest_001">
    <skipped/>
  </testcase> <!-- loginTest -->
</testsuite> <!-- testngTest -->
