<?xml version="1.0" encoding="UTF-8"?>
<testng-results skipped="0" failed="0" ignored="0" total="2" passed="2">
  <reporter-output>
  </reporter-output>
  <suite name="inetbankingv1" duration-ms="17988" started-at="2021-08-30T17:55:28Z" finished-at="2021-08-30T17:55:46Z">
    <groups>
    </groups>
    <test name="bankingapp test" duration-ms="17988" started-at="2021-08-30T17:55:28Z" finished-at="2021-08-30T17:55:46Z">
      <class name="com.inetbanking.testCases.TC_Logintest_001">
        <test-method status="PASS" signature="setup(java.lang.String)[pri:0, instance:com.inetbanking.testCases.TC_Logintest_001@2812cbfa]" name="setup" is-config="true" duration-ms="5767" started-at="2021-08-30T17:55:28Z" finished-at="2021-08-30T17:55:34Z">
          <params>
            <param index="0">
              <value>
                <![CDATA[chrome]]>
              </value>
            </param>
          </params>
          <reporter-output>
          </reporter-output>
        </test-method> <!-- setup -->
        <test-method status="PASS" signature="loginTest()[pri:0, instance:com.inetbanking.testCases.TC_Logintest_001@2812cbfa]" name="loginTest" duration-ms="801" started-at="2021-08-30T17:55:34Z" finished-at="2021-08-30T17:55:35Z">
          <reporter-output>
          </reporter-output>
        </test-method> <!-- loginTest -->
        <test-method status="PASS" signature="tearDown()[pri:0, instance:com.inetbanking.testCases.TC_Logintest_001@2812cbfa]" name="tearDown" is-config="true" duration-ms="667" started-at="2021-08-30T17:55:35Z" finished-at="2021-08-30T17:55:36Z">
          <reporter-output>
          </reporter-output>
        </test-method> <!-- tearDown -->
      </class> <!-- com.inetbanking.testCases.TC_Logintest_001 -->
      <class name="com.inetbanking.testCases.TC_AddCustomerTest_003">
        <test-method status="PASS" signature="setup(java.lang.String)[pri:0, instance:com.inetbanking.testCases.TC_AddCustomerTest_003@2acf57e3]" name="setup" is-config="true" duration-ms="2292" started-at="2021-08-30T17:55:36Z" finished-at="2021-08-30T17:55:38Z">
          <params>
            <param index="0">
              <value>
                <![CDATA[chrome]]>
              </value>
            </param>
          </params>
          <reporter-output>
          </reporter-output>
        </test-method> <!-- setup -->
        <test-method status="PASS" signature="addnewcust()[pri:0, instance:com.inetbanking.testCases.TC_AddCustomerTest_003@2acf57e3]" name="addnewcust" duration-ms="6962" started-at="2021-08-30T17:55:38Z" finished-at="2021-08-30T17:55:45Z">
          <reporter-output>
          </reporter-output>
        </test-method> <!-- addnewcust -->
        <test-method status="PASS" signature="tearDown()[pri:0, instance:com.inetbanking.testCases.TC_AddCustomerTest_003@2acf57e3]" name="tearDown" is-config="true" duration-ms="1175" started-at="2021-08-30T17:55:45Z" finished-at="2021-08-30T17:55:46Z">
          <reporter-output>
          </reporter-output>
        </test-method> <!-- tearDown -->
      </class> <!-- com.inetbanking.testCases.TC_AddCustomerTest_003 -->
    </test> <!-- bankingapp test -->
  </suite> <!-- inetbankingv1 -->
</testng-results>
