<?xml version="1.0" encoding="UTF-8"?>
<testng-results skipped="0" failed="0" total="1" passed="1">
  <reporter-output>
  </reporter-output>
  <suite name="inetbankingv1" duration-ms="16313" started-at="2021-08-27T02:57:35Z" finished-at="2021-08-27T02:57:51Z">
    <groups>
    </groups>
    <test name="bankingapp test" duration-ms="16313" started-at="2021-08-27T02:57:35Z" finished-at="2021-08-27T02:57:51Z">
      <class name="com.inetbanking.testCases.TC_AddCustomerTest_003">
        <test-method status="PASS" signature="setup(java.lang.String)[pri:0, instance:com.inetbanking.testCases.TC_AddCustomerTest_003@511baa65]" name="setup" is-config="true" duration-ms="5371" started-at="2021-08-26T22:57:35Z" finished-at="2021-08-26T22:57:41Z">
          <params>
            <param index="0">
              <value>
                <![CDATA[chrome]]>
              </value>
            </param>
          </params>
          <reporter-output>
          </reporter-output>
        </test-method> <!-- setup -->
        <test-method status="PASS" signature="addnewcust()[pri:0, instance:com.inetbanking.testCases.TC_AddCustomerTest_003@511baa65]" name="addnewcust" duration-ms="8766" started-at="2021-08-26T22:57:41Z" finished-at="2021-08-26T22:57:49Z">
          <reporter-output>
          </reporter-output>
        </test-method> <!-- addnewcust -->
        <test-method status="PASS" signature="tearDown()[pri:0, instance:com.inetbanking.testCases.TC_AddCustomerTest_003@511baa65]" name="tearDown" is-config="true" duration-ms="1547" started-at="2021-08-26T22:57:49Z" finished-at="2021-08-26T22:57:51Z">
          <reporter-output>
          </reporter-output>
        </test-method> <!-- tearDown -->
      </class> <!-- com.inetbanking.testCases.TC_AddCustomerTest_003 -->
    </test> <!-- bankingapp test -->
  </suite> <!-- inetbankingv1 -->
</testng-results>
